{"C:\\Users\\Usuario\\Documents\\Gama\\ParrotAPI\\src\\data-source.ts": {"path":"C:\\Users\\Usuario\\Documents\\Gama\\ParrotAPI\\src\\data-source.ts","statementMap":{"0":{"start":{"line":1,"column":0},"end":{"line":1,"column":22}},"1":{"start":{"line":2,"column":0},"end":{"line":2,"column":25}},"2":{"start":{"line":3,"column":0},"end":{"line":3,"column":56}},"3":{"start":{"line":5,"column":0},"end":{"line":5,"column":48}},"4":{"start":{"line":7,"column":13},"end":{"line":7,"column":65}},"5":{"start":{"line":9,"column":51},"end":{"line":19,"column":null}},"6":{"start":{"line":20,"column":13},"end":{"line":20,"column":null}}},"fnMap":{},"branchMap":{},"s":{"0":1,"1":1,"2":1,"3":1,"4":1,"5":1,"6":1},"f":{},"b":{}}
,"C:\\Users\\Usuario\\Documents\\Gama\\ParrotAPI\\src\\routes.ts": {"path":"C:\\Users\\Usuario\\Documents\\Gama\\ParrotAPI\\src\\routes.ts","statementMap":{"0":{"start":{"line":1,"column":0},"end":{"line":1,"column":62}},"1":{"start":{"line":2,"column":0},"end":{"line":2,"column":62}},"2":{"start":{"line":3,"column":0},"end":{"line":3,"column":30}},"3":{"start":{"line":4,"column":0},"end":{"line":4,"column":58}},"4":{"start":{"line":5,"column":0},"end":{"line":5,"column":50}},"5":{"start":{"line":7,"column":15},"end":{"line":7,"column":23}},"6":{"start":{"line":9,"column":0},"end":{"line":9,"column":null}},"7":{"start":{"line":10,"column":0},"end":{"line":10,"column":null}},"8":{"start":{"line":13,"column":0},"end":{"line":13,"column":null}},"9":{"start":{"line":14,"column":0},"end":{"line":14,"column":null}},"10":{"start":{"line":15,"column":0},"end":{"line":15,"column":null}},"11":{"start":{"line":16,"column":0},"end":{"line":16,"column":null}},"12":{"start":{"line":19,"column":0},"end":{"line":19,"column":null}},"13":{"start":{"line":20,"column":0},"end":{"line":20,"column":null}},"14":{"start":{"line":21,"column":0},"end":{"line":21,"column":null}},"15":{"start":{"line":22,"column":0},"end":{"line":22,"column":null}},"16":{"start":{"line":26,"column":0},"end":{"line":26,"column":null}},"17":{"start":{"line":31,"column":0},"end":{"line":31,"column":null}}},"fnMap":{},"branchMap":{},"s":{"0":1,"1":1,"2":1,"3":1,"4":1,"5":1,"6":1,"7":1,"8":1,"9":1,"10":1,"11":1,"12":1,"13":1,"14":1,"15":1,"16":1,"17":1},"f":{},"b":{}}
,"C:\\Users\\Usuario\\Documents\\Gama\\ParrotAPI\\src\\controllers\\AuthController.ts": {"path":"C:\\Users\\Usuario\\Documents\\Gama\\ParrotAPI\\src\\controllers\\AuthController.ts","statementMap":{"0":{"start":{"line":1,"column":0},"end":{"line":1,"column":43}},"1":{"start":{"line":3,"column":0},"end":{"line":3,"column":31}},"2":{"start":{"line":4,"column":0},"end":{"line":4,"column":47}},"3":{"start":{"line":5,"column":0},"end":{"line":5,"column":40}},"4":{"start":{"line":7,"column":0},"end":{"line":7,"column":64}},"5":{"start":{"line":8,"column":0},"end":{"line":8,"column":27}},"6":{"start":{"line":15,"column":34},"end":{"line":15,"column":42}},"7":{"start":{"line":17,"column":21},"end":{"line":17,"column":60}},"8":{"start":{"line":19,"column":8},"end":{"line":21,"column":null}},"9":{"start":{"line":20,"column":12},"end":{"line":20,"column":null}},"10":{"start":{"line":23,"column":27},"end":{"line":23,"column":72}},"11":{"start":{"line":25,"column":8},"end":{"line":27,"column":null}},"12":{"start":{"line":26,"column":12},"end":{"line":26,"column":null}},"13":{"start":{"line":29,"column":22},"end":{"line":32,"column":null}},"14":{"start":{"line":35,"column":44},"end":{"line":35,"column":48}},"15":{"start":{"line":37,"column":8},"end":{"line":40,"column":null}},"16":{"start":{"line":44,"column":8},"end":{"line":44,"column":null}},"17":{"start":{"line":48,"column":11},"end":{"line":81,"column":null}},"18":{"start":{"line":50,"column":19},"end":{"line":50,"column":47}},"19":{"start":{"line":51,"column":43},"end":{"line":51,"column":51}},"20":{"start":{"line":53,"column":8},"end":{"line":55,"column":null}},"21":{"start":{"line":54,"column":12},"end":{"line":54,"column":null}},"22":{"start":{"line":57,"column":31},"end":{"line":57,"column":64}},"23":{"start":{"line":60,"column":8},"end":{"line":64,"column":null}},"24":{"start":{"line":61,"column":12},"end":{"line":61,"column":null}},"25":{"start":{"line":63,"column":12},"end":{"line":63,"column":null}},"26":{"start":{"line":66,"column":8},"end":{"line":68,"column":null}},"27":{"start":{"line":67,"column":12},"end":{"line":67,"column":null}},"28":{"start":{"line":70,"column":8},"end":{"line":70,"column":null}},"29":{"start":{"line":71,"column":23},"end":{"line":71,"column":43}},"30":{"start":{"line":73,"column":8},"end":{"line":75,"column":null}},"31":{"start":{"line":74,"column":12},"end":{"line":74,"column":null}},"32":{"start":{"line":77,"column":8},"end":{"line":77,"column":null}},"33":{"start":{"line":78,"column":8},"end":{"line":78,"column":null}},"34":{"start":{"line":80,"column":8},"end":{"line":80,"column":null}},"35":{"start":{"line":84,"column":0},"end":{"line":84,"column":null}}},"fnMap":{"0":{"name":"(anonymous_1)","decl":{"start":{"line":13,"column":4},"end":{"line":13,"column":9}},"loc":{"start":{"line":13,"column":43},"end":{"line":41,"column":5}}},"1":{"name":"(anonymous_2)","decl":{"start":{"line":43,"column":4},"end":{"line":43,"column":9}},"loc":{"start":{"line":43,"column":48},"end":{"line":45,"column":5}}},"2":{"name":"(anonymous_3)","decl":{"start":{"line":48,"column":28},"end":{"line":48,"column":33}},"loc":{"start":{"line":48,"column":65},"end":{"line":81,"column":5}}}},"branchMap":{"0":{"loc":{"start":{"line":19,"column":8},"end":{"line":21,"column":null}},"type":"if","locations":[{"start":{"line":19,"column":8},"end":{"line":21,"column":null}}]},"1":{"loc":{"start":{"line":25,"column":8},"end":{"line":27,"column":null}},"type":"if","locations":[{"start":{"line":25,"column":8},"end":{"line":27,"column":null}}]},"2":{"loc":{"start":{"line":31,"column":12},"end":{"line":31,"column":40}},"type":"cond-expr","locations":[{"start":{"line":31,"column":34},"end":{"line":31,"column":38}},{"start":{"line":31,"column":38},"end":{"line":31,"column":40}}]},"3":{"loc":{"start":{"line":31,"column":12},"end":{"line":31,"column":38}},"type":"binary-expr","locations":[{"start":{"line":31,"column":12},"end":{"line":31,"column":38}},{"start":{"line":31,"column":34},"end":{"line":31,"column":38}}]},"4":{"loc":{"start":{"line":53,"column":8},"end":{"line":55,"column":null}},"type":"if","locations":[{"start":{"line":53,"column":8},"end":{"line":55,"column":null}}]},"5":{"loc":{"start":{"line":53,"column":14},"end":{"line":53,"column":40}},"type":"binary-expr","locations":[{"start":{"line":53,"column":14},"end":{"line":53,"column":25}},{"start":{"line":53,"column":29},"end":{"line":53,"column":40}}]},"6":{"loc":{"start":{"line":66,"column":8},"end":{"line":68,"column":null}},"type":"if","locations":[{"start":{"line":66,"column":8},"end":{"line":68,"column":null}}]},"7":{"loc":{"start":{"line":73,"column":8},"end":{"line":75,"column":null}},"type":"if","locations":[{"start":{"line":73,"column":8},"end":{"line":75,"column":null}}]}},"s":{"0":1,"1":1,"2":1,"3":1,"4":1,"5":1,"6":0,"7":0,"8":0,"9":0,"10":0,"11":0,"12":0,"13":0,"14":0,"15":0,"16":0,"17":1,"18":0,"19":0,"20":0,"21":0,"22":0,"23":0,"24":0,"25":0,"26":0,"27":0,"28":0,"29":0,"30":0,"31":0,"32":0,"33":0,"34":0,"35":1},"f":{"0":0,"1":0,"2":0},"b":{"0":[0],"1":[0],"2":[0,0],"3":[0,0],"4":[0],"5":[0,0],"6":[0],"7":[0]}}
,"C:\\Users\\Usuario\\Documents\\Gama\\ParrotAPI\\src\\controllers\\PostController.ts": {"path":"C:\\Users\\Usuario\\Documents\\Gama\\ParrotAPI\\src\\controllers\\PostController.ts","statementMap":{"0":{"start":{"line":2,"column":0},"end":{"line":2,"column":66}},"1":{"start":{"line":3,"column":0},"end":{"line":3,"column":66}},"2":{"start":{"line":9,"column":8},"end":{"line":20,"column":null}},"3":{"start":{"line":10,"column":26},"end":{"line":14,"column":14}},"4":{"start":{"line":16,"column":12},"end":{"line":16,"column":null}},"5":{"start":{"line":18,"column":12},"end":{"line":18,"column":null}},"6":{"start":{"line":19,"column":12},"end":{"line":19,"column":null}},"7":{"start":{"line":25,"column":25},"end":{"line":25,"column":35}},"8":{"start":{"line":26,"column":26},"end":{"line":26,"column":82}},"9":{"start":{"line":27,"column":8},"end":{"line":27,"column":null}},"10":{"start":{"line":31,"column":26},"end":{"line":31,"column":34}},"11":{"start":{"line":32,"column":25},"end":{"line":32,"column":35}},"12":{"start":{"line":33,"column":8},"end":{"line":52,"column":null}},"13":{"start":{"line":34,"column":25},"end":{"line":34,"column":81}},"14":{"start":{"line":36,"column":12},"end":{"line":38,"column":null}},"15":{"start":{"line":37,"column":16},"end":{"line":37,"column":null}},"16":{"start":{"line":40,"column":28},"end":{"line":43,"column":14}},"17":{"start":{"line":45,"column":12},"end":{"line":45,"column":null}},"18":{"start":{"line":47,"column":12},"end":{"line":47,"column":null}},"19":{"start":{"line":50,"column":12},"end":{"line":50,"column":null}},"20":{"start":{"line":51,"column":12},"end":{"line":51,"column":null}},"21":{"start":{"line":56,"column":8},"end":{"line":70,"column":null}},"22":{"start":{"line":57,"column":29},"end":{"line":57,"column":39}},"23":{"start":{"line":59,"column":30},"end":{"line":59,"column":86}},"24":{"start":{"line":61,"column":10},"end":{"line":67,"column":null}},"25":{"start":{"line":62,"column":12},"end":{"line":62,"column":null}},"26":{"start":{"line":64,"column":12},"end":{"line":64,"column":null}},"27":{"start":{"line":66,"column":10},"end":{"line":66,"column":52}},"28":{"start":{"line":69,"column":10},"end":{"line":69,"column":33}},"29":{"start":{"line":5,"column":0},"end":{"line":5,"column":13}}},"fnMap":{"0":{"name":"(anonymous_0)","decl":{"start":{"line":7,"column":4},"end":{"line":7,"column":9}},"loc":{"start":{"line":7,"column":45},"end":{"line":21,"column":5}}},"1":{"name":"(anonymous_1)","decl":{"start":{"line":24,"column":4},"end":{"line":24,"column":9}},"loc":{"start":{"line":24,"column":47},"end":{"line":28,"column":5}}},"2":{"name":"(anonymous_2)","decl":{"start":{"line":30,"column":4},"end":{"line":30,"column":9}},"loc":{"start":{"line":30,"column":48},"end":{"line":53,"column":5}}},"3":{"name":"(anonymous_3)","decl":{"start":{"line":55,"column":4},"end":{"line":55,"column":9}},"loc":{"start":{"line":55,"column":45},"end":{"line":71,"column":7}}}},"branchMap":{"0":{"loc":{"start":{"line":36,"column":12},"end":{"line":38,"column":null}},"type":"if","locations":[{"start":{"line":36,"column":12},"end":{"line":38,"column":null}}]},"1":{"loc":{"start":{"line":61,"column":10},"end":{"line":67,"column":null}},"type":"if","locations":[{"start":{"line":61,"column":10},"end":{"line":67,"column":null}},{"start":{"line":63,"column":17},"end":{"line":67,"column":null}}]}},"s":{"0":1,"1":1,"2":0,"3":0,"4":0,"5":0,"6":0,"7":0,"8":0,"9":0,"10":0,"11":0,"12":0,"13":0,"14":0,"15":0,"16":0,"17":0,"18":0,"19":0,"20":0,"21":0,"22":0,"23":0,"24":0,"25":0,"26":0,"27":0,"28":0,"29":1},"f":{"0":0,"1":0,"2":0,"3":0},"b":{"0":[0],"1":[0,0]}}
,"C:\\Users\\Usuario\\Documents\\Gama\\ParrotAPI\\src\\controllers\\UserController.ts": {"path":"C:\\Users\\Usuario\\Documents\\Gama\\ParrotAPI\\src\\controllers\\UserController.ts","statementMap":{"0":{"start":{"line":2,"column":0},"end":{"line":2,"column":64}},"1":{"start":{"line":3,"column":0},"end":{"line":3,"column":28}},"2":{"start":{"line":10,"column":8},"end":{"line":21,"column":null}},"3":{"start":{"line":11,"column":26},"end":{"line":15,"column":14}},"4":{"start":{"line":17,"column":12},"end":{"line":17,"column":null}},"5":{"start":{"line":19,"column":12},"end":{"line":19,"column":null}},"6":{"start":{"line":20,"column":12},"end":{"line":20,"column":null}},"7":{"start":{"line":25,"column":27},"end":{"line":25,"column":37}},"8":{"start":{"line":27,"column":8},"end":{"line":39,"column":null}},"9":{"start":{"line":28,"column":25},"end":{"line":28,"column":83}},"10":{"start":{"line":30,"column":12},"end":{"line":32,"column":null}},"11":{"start":{"line":31,"column":16},"end":{"line":31,"column":null}},"12":{"start":{"line":34,"column":12},"end":{"line":34,"column":null}},"13":{"start":{"line":37,"column":12},"end":{"line":37,"column":null}},"14":{"start":{"line":38,"column":12},"end":{"line":38,"column":null}},"15":{"start":{"line":44,"column":55},"end":{"line":44,"column":63}},"16":{"start":{"line":46,"column":27},"end":{"line":46,"column":68}},"17":{"start":{"line":48,"column":8},"end":{"line":50,"column":null}},"18":{"start":{"line":49,"column":12},"end":{"line":49,"column":null}},"19":{"start":{"line":52,"column":8},"end":{"line":54,"column":null}},"20":{"start":{"line":53,"column":12},"end":{"line":53,"column":null}},"21":{"start":{"line":56,"column":29},"end":{"line":56,"column":60}},"22":{"start":{"line":58,"column":8},"end":{"line":74,"column":null}},"23":{"start":{"line":59,"column":28},"end":{"line":64,"column":14}},"24":{"start":{"line":66,"column":12},"end":{"line":66,"column":null}},"25":{"start":{"line":68,"column":42},"end":{"line":68,"column":49}},"26":{"start":{"line":70,"column":12},"end":{"line":70,"column":null}},"27":{"start":{"line":72,"column":12},"end":{"line":72,"column":null}},"28":{"start":{"line":73,"column":12},"end":{"line":73,"column":null}},"29":{"start":{"line":80,"column":27},"end":{"line":80,"column":37}},"30":{"start":{"line":82,"column":45},"end":{"line":82,"column":53}},"31":{"start":{"line":84,"column":27},"end":{"line":84,"column":68}},"32":{"start":{"line":86,"column":8},"end":{"line":88,"column":null}},"33":{"start":{"line":87,"column":12},"end":{"line":87,"column":null}},"34":{"start":{"line":90,"column":8},"end":{"line":108,"column":null}},"35":{"start":{"line":91,"column":25},"end":{"line":91,"column":83}},"36":{"start":{"line":93,"column":12},"end":{"line":95,"column":null}},"37":{"start":{"line":94,"column":16},"end":{"line":94,"column":null}},"38":{"start":{"line":97,"column":31},"end":{"line":102,"column":14}},"39":{"start":{"line":104,"column":12},"end":{"line":104,"column":null}},"40":{"start":{"line":106,"column":12},"end":{"line":106,"column":null}},"41":{"start":{"line":107,"column":12},"end":{"line":107,"column":null}},"42":{"start":{"line":114,"column":27},"end":{"line":114,"column":37}},"43":{"start":{"line":116,"column":8},"end":{"line":120,"column":null}},"44":{"start":{"line":117,"column":25},"end":{"line":117,"column":83}},"45":{"start":{"line":119,"column":12},"end":{"line":119,"column":null}},"46":{"start":{"line":122,"column":8},"end":{"line":122,"column":null}},"47":{"start":{"line":124,"column":8},"end":{"line":124,"column":null}},"48":{"start":{"line":6,"column":0},"end":{"line":6,"column":13}}},"fnMap":{"0":{"name":"(anonymous_1)","decl":{"start":{"line":8,"column":4},"end":{"line":8,"column":9}},"loc":{"start":{"line":8,"column":45},"end":{"line":22,"column":5}}},"1":{"name":"(anonymous_2)","decl":{"start":{"line":24,"column":4},"end":{"line":24,"column":9}},"loc":{"start":{"line":24,"column":46},"end":{"line":40,"column":5}}},"2":{"name":"(anonymous_3)","decl":{"start":{"line":42,"column":4},"end":{"line":42,"column":9}},"loc":{"start":{"line":42,"column":48},"end":{"line":76,"column":5}}},"3":{"name":"(anonymous_4)","decl":{"start":{"line":78,"column":4},"end":{"line":78,"column":9}},"loc":{"start":{"line":78,"column":46},"end":{"line":110,"column":5}}},"4":{"name":"(anonymous_5)","decl":{"start":{"line":112,"column":4},"end":{"line":112,"column":9}},"loc":{"start":{"line":112,"column":48},"end":{"line":125,"column":5}}}},"branchMap":{"0":{"loc":{"start":{"line":30,"column":12},"end":{"line":32,"column":null}},"type":"if","locations":[{"start":{"line":30,"column":12},"end":{"line":32,"column":null}}]},"1":{"loc":{"start":{"line":48,"column":8},"end":{"line":50,"column":null}},"type":"if","locations":[{"start":{"line":48,"column":8},"end":{"line":50,"column":null}}]},"2":{"loc":{"start":{"line":52,"column":8},"end":{"line":54,"column":null}},"type":"if","locations":[{"start":{"line":52,"column":8},"end":{"line":54,"column":null}}]},"3":{"loc":{"start":{"line":52,"column":12},"end":{"line":52,"column":56}},"type":"binary-expr","locations":[{"start":{"line":52,"column":12},"end":{"line":52,"column":17}},{"start":{"line":52,"column":21},"end":{"line":52,"column":27}},{"start":{"line":52,"column":31},"end":{"line":52,"column":43}},{"start":{"line":52,"column":47},"end":{"line":52,"column":56}}]},"4":{"loc":{"start":{"line":86,"column":8},"end":{"line":88,"column":null}},"type":"if","locations":[{"start":{"line":86,"column":8},"end":{"line":88,"column":null}}]},"5":{"loc":{"start":{"line":93,"column":12},"end":{"line":95,"column":null}},"type":"if","locations":[{"start":{"line":93,"column":12},"end":{"line":95,"column":null}}]}},"s":{"0":1,"1":1,"2":0,"3":0,"4":0,"5":0,"6":0,"7":0,"8":0,"9":0,"10":0,"11":0,"12":0,"13":0,"14":0,"15":0,"16":0,"17":0,"18":0,"19":0,"20":0,"21":0,"22":0,"23":0,"24":0,"25":0,"26":0,"27":0,"28":0,"29":0,"30":0,"31":0,"32":0,"33":0,"34":0,"35":0,"36":0,"37":0,"38":0,"39":0,"40":0,"41":0,"42":0,"43":0,"44":0,"45":0,"46":0,"47":0,"48":1},"f":{"0":0,"1":0,"2":0,"3":0,"4":0},"b":{"0":[0],"1":[0],"2":[0],"3":[0,0,0,0],"4":[0],"5":[0]}}
,"C:\\Users\\Usuario\\Documents\\Gama\\ParrotAPI\\src\\entities\\Post.ts": {"path":"C:\\Users\\Usuario\\Documents\\Gama\\ParrotAPI\\src\\entities\\Post.ts","statementMap":{"0":{"start":{"line":1,"column":0},"end":{"line":1,"column":null}},"1":{"start":{"line":8,"column":0},"end":{"line":8,"column":52}},"2":{"start":{"line":9,"column":0},"end":{"line":9,"column":29}},"3":{"start":{"line":12,"column":7},"end":{"line":28,"column":null}},"4":{"start":{"line":14,"column":4},"end":{"line":15,"column":null}},"5":{"start":{"line":17,"column":4},"end":{"line":20,"column":null}},"6":{"start":{"line":22,"column":4},"end":{"line":24,"column":null}},"7":{"start":{"line":22,"column":21},"end":{"line":22,"column":25}},"8":{"start":{"line":22,"column":37},"end":{"line":22,"column":46}},"9":{"start":{"line":12,"column":13},"end":{"line":28,"column":null}},"10":{"start":{"line":12,"column":13},"end":{"line":12,"column":17}}},"fnMap":{"0":{"name":"(anonymous_2)","decl":{"start":{"line":22,"column":15},"end":{"line":22,"column":18}},"loc":{"start":{"line":22,"column":21},"end":{"line":22,"column":25}}},"1":{"name":"(anonymous_3)","decl":{"start":{"line":22,"column":27},"end":{"line":22,"column":28}},"loc":{"start":{"line":22,"column":37},"end":{"line":22,"column":46}}}},"branchMap":{},"s":{"0":1,"1":1,"2":1,"3":1,"4":1,"5":1,"6":1,"7":0,"8":0,"9":1,"10":1},"f":{"0":0,"1":0},"b":{}}
,"C:\\Users\\Usuario\\Documents\\Gama\\ParrotAPI\\src\\entities\\User.ts": {"path":"C:\\Users\\Usuario\\Documents\\Gama\\ParrotAPI\\src\\entities\\User.ts","statementMap":{"0":{"start":{"line":1,"column":0},"end":{"line":1,"column":null}},"1":{"start":{"line":8,"column":0},"end":{"line":8,"column":61}},"2":{"start":{"line":9,"column":0},"end":{"line":9,"column":34}},"3":{"start":{"line":10,"column":0},"end":{"line":10,"column":29}},"4":{"start":{"line":14,"column":7},"end":{"line":47,"column":null}},"5":{"start":{"line":40,"column":8},"end":{"line":40,"column":null}},"6":{"start":{"line":44,"column":8},"end":{"line":44,"column":null}},"7":{"start":{"line":16,"column":4},"end":{"line":17,"column":null}},"8":{"start":{"line":19,"column":4},"end":{"line":21,"column":null}},"9":{"start":{"line":23,"column":4},"end":{"line":26,"column":null}},"10":{"start":{"line":28,"column":4},"end":{"line":30,"column":null}},"11":{"start":{"line":32,"column":4},"end":{"line":34,"column":null}},"12":{"start":{"line":36,"column":4},"end":{"line":37,"column":null}},"13":{"start":{"line":36,"column":21},"end":{"line":36,"column":25}},"14":{"start":{"line":36,"column":37},"end":{"line":36,"column":46}},"15":{"start":{"line":14,"column":13},"end":{"line":47,"column":null}},"16":{"start":{"line":14,"column":13},"end":{"line":14,"column":17}}},"fnMap":{"0":{"name":"(anonymous_8)","decl":{"start":{"line":39,"column":4},"end":{"line":39,"column":16}},"loc":{"start":{"line":39,"column":16},"end":{"line":41,"column":5}}},"1":{"name":"(anonymous_9)","decl":{"start":{"line":43,"column":4},"end":{"line":43,"column":37}},"loc":{"start":{"line":43,"column":63},"end":{"line":45,"column":5}}},"2":{"name":"(anonymous_10)","decl":{"start":{"line":36,"column":15},"end":{"line":36,"column":18}},"loc":{"start":{"line":36,"column":21},"end":{"line":36,"column":25}}},"3":{"name":"(anonymous_11)","decl":{"start":{"line":36,"column":27},"end":{"line":36,"column":28}},"loc":{"start":{"line":36,"column":37},"end":{"line":36,"column":46}}}},"branchMap":{},"s":{"0":1,"1":1,"2":1,"3":1,"4":1,"5":0,"6":0,"7":1,"8":1,"9":1,"10":1,"11":1,"12":1,"13":0,"14":0,"15":1,"16":1},"f":{"0":0,"1":0,"2":0,"3":0},"b":{}}
,"C:\\Users\\Usuario\\Documents\\Gama\\ParrotAPI\\src\\middlewares\\checkjwt.ts": {"path":"C:\\Users\\Usuario\\Documents\\Gama\\ParrotAPI\\src\\middlewares\\checkjwt.ts","statementMap":{"0":{"start":{"line":2,"column":0},"end":{"line":2,"column":36}},"1":{"start":{"line":3,"column":0},"end":{"line":3,"column":22}},"2":{"start":{"line":4,"column":0},"end":{"line":4,"column":64}},"3":{"start":{"line":10,"column":24},"end":{"line":31,"column":1}},"4":{"start":{"line":11,"column":30},"end":{"line":11,"column":41}},"5":{"start":{"line":13,"column":4},"end":{"line":15,"column":null}},"6":{"start":{"line":14,"column":8},"end":{"line":14,"column":null}},"7":{"start":{"line":17,"column":18},"end":{"line":17,"column":45}},"8":{"start":{"line":19,"column":23},"end":{"line":19,"column":84}},"9":{"start":{"line":21,"column":17},"end":{"line":21,"column":59}},"10":{"start":{"line":22,"column":4},"end":{"line":24,"column":null}},"11":{"start":{"line":23,"column":8},"end":{"line":23,"column":null}},"12":{"start":{"line":26,"column":43},"end":{"line":26,"column":47}},"13":{"start":{"line":28,"column":4},"end":{"line":28,"column":null}},"14":{"start":{"line":30,"column":4},"end":{"line":30,"column":null}},"15":{"start":{"line":10,"column":13},"end":{"line":10,"column":24}}},"fnMap":{"0":{"name":"(anonymous_6)","decl":{"start":{"line":10,"column":24},"end":{"line":10,"column":29}},"loc":{"start":{"line":10,"column":82},"end":{"line":31,"column":1}}}},"branchMap":{"0":{"loc":{"start":{"line":13,"column":4},"end":{"line":15,"column":null}},"type":"if","locations":[{"start":{"line":13,"column":4},"end":{"line":15,"column":null}}]},"1":{"loc":{"start":{"line":19,"column":41},"end":{"line":19,"column":69}},"type":"cond-expr","locations":[{"start":{"line":19,"column":63},"end":{"line":19,"column":67}},{"start":{"line":19,"column":67},"end":{"line":19,"column":69}}]},"2":{"loc":{"start":{"line":19,"column":41},"end":{"line":19,"column":67}},"type":"binary-expr","locations":[{"start":{"line":19,"column":41},"end":{"line":19,"column":67}},{"start":{"line":19,"column":63},"end":{"line":19,"column":67}}]},"3":{"loc":{"start":{"line":22,"column":4},"end":{"line":24,"column":null}},"type":"if","locations":[{"start":{"line":22,"column":4},"end":{"line":24,"column":null}}]}},"s":{"0":1,"1":1,"2":1,"3":1,"4":0,"5":0,"6":0,"7":0,"8":0,"9":0,"10":0,"11":0,"12":0,"13":0,"14":0,"15":1},"f":{"0":0},"b":{"0":[0],"1":[0,0],"2":[0,0],"3":[0]}}
,"C:\\Users\\Usuario\\Documents\\Gama\\ParrotAPI\\src\\repositories\\postRepository.ts": {"path":"C:\\Users\\Usuario\\Documents\\Gama\\ParrotAPI\\src\\repositories\\postRepository.ts","statementMap":{"0":{"start":{"line":1,"column":0},"end":{"line":1,"column":46}},"1":{"start":{"line":2,"column":0},"end":{"line":2,"column":39}},"2":{"start":{"line":4,"column":13},"end":{"line":4,"column":null}}},"fnMap":{},"branchMap":{},"s":{"0":1,"1":1,"2":1},"f":{},"b":{}}
,"C:\\Users\\Usuario\\Documents\\Gama\\ParrotAPI\\src\\repositories\\userRepository.ts": {"path":"C:\\Users\\Usuario\\Documents\\Gama\\ParrotAPI\\src\\repositories\\userRepository.ts","statementMap":{"0":{"start":{"line":1,"column":0},"end":{"line":1,"column":46}},"1":{"start":{"line":2,"column":0},"end":{"line":2,"column":39}},"2":{"start":{"line":4,"column":13},"end":{"line":4,"column":null}}},"fnMap":{},"branchMap":{},"s":{"0":1,"1":1,"2":1},"f":{},"b":{}}
,"C:\\Users\\Usuario\\Documents\\Gama\\ParrotAPI\\src\\seeds\\MainSeeder.ts": {"path":"C:\\Users\\Usuario\\Documents\\Gama\\ParrotAPI\\src\\seeds\\MainSeeder.ts","statementMap":{"0":{"start":{"line":1,"column":0},"end":{"line":1,"column":42}},"1":{"start":{"line":2,"column":0},"end":{"line":2,"column":39}},"2":{"start":{"line":4,"column":0},"end":{"line":4,"column":75}},"3":{"start":{"line":8,"column":8},"end":{"line":8,"column":null}},"4":{"start":{"line":9,"column":8},"end":{"line":9,"column":null}},"5":{"start":{"line":6,"column":0},"end":{"line":6,"column":13}}},"fnMap":{"0":{"name":"(anonymous_0)","decl":{"start":{"line":7,"column":3},"end":{"line":7,"column":8}},"loc":{"start":{"line":7,"column":73},"end":{"line":10,"column":5}}}},"branchMap":{},"s":{"0":1,"1":1,"2":1,"3":0,"4":0,"5":1},"f":{"0":0},"b":{}}
,"C:\\Users\\Usuario\\Documents\\Gama\\ParrotAPI\\src\\seeds\\PostSeeder.ts": {"path":"C:\\Users\\Usuario\\Documents\\Gama\\ParrotAPI\\src\\seeds\\PostSeeder.ts","statementMap":{"0":{"start":{"line":3,"column":0},"end":{"line":3,"column":40}},"1":{"start":{"line":7,"column":30},"end":{"line":7,"column":60}},"2":{"start":{"line":9,"column":24},"end":{"line":11,"column":null}},"3":{"start":{"line":13,"column":23},"end":{"line":13,"column":54}},"4":{"start":{"line":14,"column":7},"end":{"line":14,"column":null}},"5":{"start":{"line":5,"column":0},"end":{"line":5,"column":13}}},"fnMap":{"0":{"name":"(anonymous_0)","decl":{"start":{"line":6,"column":4},"end":{"line":6,"column":9}},"loc":{"start":{"line":6,"column":74},"end":{"line":15,"column":5}}}},"branchMap":{},"s":{"0":1,"1":0,"2":0,"3":0,"4":0,"5":1},"f":{"0":0},"b":{}}
,"C:\\Users\\Usuario\\Documents\\Gama\\ParrotAPI\\src\\seeds\\UserSeeder.ts": {"path":"C:\\Users\\Usuario\\Documents\\Gama\\ParrotAPI\\src\\seeds\\UserSeeder.ts","statementMap":{"0":{"start":{"line":3,"column":0},"end":{"line":3,"column":27}},"1":{"start":{"line":4,"column":0},"end":{"line":4,"column":40}},"2":{"start":{"line":8,"column":30},"end":{"line":8,"column":60}},"3":{"start":{"line":10,"column":24},"end":{"line":15,"column":null}},"4":{"start":{"line":17,"column":23},"end":{"line":17,"column":54}},"5":{"start":{"line":18,"column":7},"end":{"line":18,"column":null}},"6":{"start":{"line":6,"column":0},"end":{"line":6,"column":13}}},"fnMap":{"0":{"name":"(anonymous_1)","decl":{"start":{"line":7,"column":4},"end":{"line":7,"column":9}},"loc":{"start":{"line":7,"column":74},"end":{"line":19,"column":5}}}},"branchMap":{},"s":{"0":1,"1":1,"2":0,"3":0,"4":0,"5":0,"6":1},"f":{"0":0},"b":{}}
}
